<?xml version="1.0" encoding="UTF-8"?>
<beans xmlns="http://www.springframework.org/schema/beans"
	xmlns:xsi="http://www.w3.org/2001/XMLSchema-instance" xmlns:tx="http://www.springframework.org/schema/tx"
	xmlns:context="http://www.springframework.org/schema/context"
	xsi:schemaLocation="
	http://www.springframework.org/schema/beans
	http://www.springframework.org/schema/beans/spring-beans-3.0.xsd
	http://www.springframework.org/schema/context
	http://www.springframework.org/schema/context/spring-context-3.0.xsd
	http://www.springframework.org/schema/tx
	http://www.springframework.org/schema/tx/spring-tx-3.0.xsd">

	<context:property-placeholder location="classpath:/config.properties" />
	<context:component-scan base-package="core.cq.hmq.dao,core.cq.hmq.service">
		<context:exclude-filter type="regex"
			expression="core.cq.hmq.service.process.*" />
	</context:component-scan>
	<context:component-scan base-package="common.cq.hmq.service,app.cq.hmq.service" />
	<bean name="dataSource" class="org.apache.commons.dbcp.BasicDataSource"
		destroy-method="close">
		<property name="driverClassName" value="${driverClassName}"></property>
		<property name="url" value="${url}"></property>
		<property name="username" value="${username}"></property>
		<property name="password" value="${password}"></property>
	</bean>
	<bean id="sessionFactory"
		class="org.springframework.orm.hibernate3.annotation.AnnotationSessionFactoryBean">
		<property name="dataSource" ref="dataSource" />
		<property name="hibernateProperties">
			<props>
				<prop key="hibernate.hbm2ddl.auto">validata</prop>
				<prop key="hibernate.dialect">${hibernate.dialect}</prop>
				<prop key="hibernate.show_sql">false</prop>
				<prop key="hibernate.format_sql">false</prop>
			</props>
		</property>
		<property name="packagesToScan" value="core.cq.hmq.pojo,common.cq.hmq.pojo,app.cq.hmq.pojo" />
		<property name="namingStrategy" ref="localNamingStrategy" />
	</bean>
	<bean id="hibernateTemplate" class="org.springframework.orm.hibernate3.HibernateTemplate">
		<property name="sessionFactory" ref="sessionFactory"></property>
	</bean>
	<tx:annotation-driven transaction-manager="transactionManager" />
	<bean id="transactionManager" name="transactionManager"
		class="org.springframework.orm.hibernate3.HibernateTransactionManager">
		<property name="sessionFactory" ref="sessionFactory" />
	</bean>
	<bean id="dao" class="core.cq.hmq.dao.impl.DaoImpl">
		<property name="sessionFactory" ref="sessionFactory" />
		<property name="helperDao" ref="helperDao" />
	</bean>
	<bean id="helperDao" class="core.cq.hmq.dao.impl.HelperDaoImpl">
		<property name="sessionFactory" ref="sessionFactory" />
	</bean>
</beans>